This is XeTeX, Version 3.1415926-2.3-0.9997.5 (MiKTeX 2.9) (preloaded format=xelatex 2018.5.3)  5 MAY 2018 12:08
entering extended mode
**Frame.tex
("E:\Senior Programming Practice\HTMLParser\Frame\Frame.tex"
LaTeX2e <2011/06/27>
Babel <v3.8m> and hyphenation patterns for loaded.
(F:\CTEX\MiKTeX\tex\latex\base\article.cls
Document Class: article 2007/10/19 v1.4h Standard LaTeX document class
(F:\CTEX\MiKTeX\tex\latex\base\size10.clo
File: size10.clo 2007/10/19 v1.4h Standard LaTeX file (size option)
)
\c@part=\count80
\c@section=\count81
\c@subsection=\count82
\c@subsubsection=\count83
\c@paragraph=\count84
\c@subparagraph=\count85
\c@figure=\count86
\c@table=\count87
\abovecaptionskip=\skip41
\belowcaptionskip=\skip42
\bibindent=\dimen102
)
(F:\CTEX\MiKTeX\tex\latex\ctex\ctex.sty
Package: ctex 2011/03/11 v1.02c ctex macros package

(F:\CTEX\MiKTeX\tex\latex\ctex\opt\ctex-common-opts.def)
(F:\CTEX\CTeX\tex\latex\ctex\cfg\ctexopts.cfg)
(F:\CTEX\MiKTeX\tex\latex\ctex\def\ctex-common.def
(F:\CTEX\MiKTeX\tex\latex\l3kernel\expl3.sty
(F:\CTEX\MiKTeX\tex\latex\l3kernel\l3names.sty
(F:\CTEX\MiKTeX\tex\latex\l3kernel\l3bootstrap.sty
Package: l3bootstrap 2011/12/29 v3110 L3 Experimental bootstrap code
)
Package: l3names 2011/12/30 v3113 L3 Experimental namespace for primitives
)
(F:\CTEX\MiKTeX\tex\latex\misc\etex.sty
Package: etex 1998/03/26 v2.0 eTeX basic definition package (PEB)
\et@xins=\count88
)
Package: expl3 2012/02/26 v3471 L3 Experimental code bundle wrapper

(F:\CTEX\MiKTeX\tex\latex\graphics\color.sty
Package: color 2005/11/14 v1.0j Standard LaTeX Color (DPC)

(F:\CTEX\MiKTeX\tex\latex\00miktex\color.cfg
File: color.cfg 2007/01/18 v1.5 color configuration of teTeX/TeXLive
)
Package color Info: Driver file: xetex.def on input line 130.

(F:\CTEX\MiKTeX\tex\xelatex\xetex-def\xetex.def
File: xetex.def 2009/11/22 v0.94 LaTeX color/graphics driver for XeTeX (RRM/JK)

))
(F:\CTEX\MiKTeX\tex\latex\graphics\graphics.sty
Package: graphics 2009/02/05 v1.0o Standard LaTeX Graphics (DPC,SPQR)

(F:\CTEX\MiKTeX\tex\latex\graphics\trig.sty
Package: trig 1999/03/16 v1.09 sin cos tan (DPC)
)
(F:\CTEX\MiKTeX\tex\latex\00miktex\graphics.cfg
File: graphics.cfg 2007/01/18 v1.5 graphics configuration of teTeX/TeXLive
)
Package graphics Info: Driver file: xetex.def on input line 91.
)
(F:\CTEX\MiKTeX\tex\latex\l3kernel\l3basics.sty
Package: l3basics 2012/02/26 v3460 L3 Experimental basic definitions
)
(F:\CTEX\MiKTeX\tex\latex\l3kernel\l3expan.sty
Package: l3expan 2012/02/26 v3460 L3 Experimental argument expansion
)
(F:\CTEX\MiKTeX\tex\latex\l3kernel\l3tl.sty
Package: l3tl 2012/02/26 v3460 L3 Experimental token lists
)
(F:\CTEX\MiKTeX\tex\latex\l3kernel\l3seq.sty
Package: l3seq 2012/01/09 v3158 L3 Experimental sequences and stacks
)
(F:\CTEX\MiKTeX\tex\latex\l3kernel\l3int.sty
Package: l3int 2012/02/26 v3460 L3 Experimental integers
\c_max_int=\count89
\l_tmpa_int=\count90
\l_tmpb_int=\count91
\l_tmpc_int=\count92
\g_tmpa_int=\count93
\g_tmpb_int=\count94
)
(F:\CTEX\MiKTeX\tex\latex\l3kernel\l3quark.sty
Package: l3quark 2012/02/12 v3384 L3 Experimental quarks
)
(F:\CTEX\MiKTeX\tex\latex\l3kernel\l3prg.sty
Package: l3prg 2012/02/26 v3464 L3 Experimental control structures
\g_prg_map_int=\count95
)
(F:\CTEX\MiKTeX\tex\latex\l3kernel\l3clist.sty
Package: l3clist 2012/02/26 v3460 L3 Experimental comma separated lists
)
(F:\CTEX\MiKTeX\tex\latex\l3kernel\l3token.sty
Package: l3token 2012/02/26 v3460 L3 Experimental token manipulation
)
(F:\CTEX\MiKTeX\tex\latex\l3kernel\l3prop.sty
Package: l3prop 2012/02/26 v3460 L3 Experimental property lists
)
(F:\CTEX\MiKTeX\tex\latex\l3kernel\l3msg.sty
Package: l3msg 2012/02/26 v3470 L3 Experimental messages
)
(F:\CTEX\MiKTeX\tex\latex\l3kernel\l3file.sty
Package: l3file 2012/02/26 v3464 L3 Experimental file and I/O operations
\l_iow_stream_int=\count96
\l_iow_line_length_int=\count97
\l_iow_target_length_int=\count98
\l_iow_current_line_int=\count99
\l_iow_current_word_int=\count100
\l_iow_current_indentation_int=\count101
)
(F:\CTEX\MiKTeX\tex\latex\l3kernel\l3skip.sty
Package: l3skip 2012/02/26 v3460 L3 Experimental dimensions and skips
\l_tmpa_dim=\dimen103
\l_tmpb_dim=\dimen104
\l_tmpc_dim=\dimen105
\g_tmpa_dim=\dimen106
\g_tmpb_dim=\dimen107
\l_tmpa_skip=\skip43
\l_tmpb_skip=\skip44
\l_tmpc_skip=\skip45
\g_tmpa_skip=\skip46
\g_tmpb_skip=\skip47
)
(F:\CTEX\MiKTeX\tex\latex\l3kernel\l3keys.sty
Package: l3keys 2011/12/22 v3086 L3 Experimental key-value interfaces
\g_keyval_level_int=\count102
\l_keys_choice_int=\count103
)
(F:\CTEX\MiKTeX\tex\latex\l3kernel\l3fp.sty
Package: l3fp 2012/02/06 v3315 L3 Experimental floating-point operations
\c_one_hundred_million=\count104
\c_five_hundred_million=\count105
\c_one_thousand_million=\count106
\c_fp_pi_by_four_decimal_int=\count107
\c_fp_pi_by_four_extended_int=\count108
\c_fp_pi_decimal_int=\count109
\c_fp_pi_extended_int=\count110
\c_fp_two_pi_decimal_int=\count111
\c_fp_two_pi_extended_int=\count112
\l_fp_count_int=\count113
\l_fp_div_offset_int=\count114
\l_fp_exp_integer_int=\count115
\l_fp_exp_decimal_int=\count116
\l_fp_exp_extended_int=\count117
\l_fp_exp_exponent_int=\count118
\l_fp_input_a_sign_int=\count119
\l_fp_input_a_integer_int=\count120
\l_fp_input_a_decimal_int=\count121
\l_fp_input_a_exponent_int=\count122
\l_fp_input_b_sign_int=\count123
\l_fp_input_b_integer_int=\count124
\l_fp_input_b_decimal_int=\count125
\l_fp_input_b_exponent_int=\count126
\l_fp_input_a_extended_int=\count127
\l_fp_input_b_extended_int=\count128
\l_fp_mul_a_i_int=\count129
\l_fp_mul_a_ii_int=\count130
\l_fp_mul_a_iii_int=\count131
\l_fp_mul_a_iv_int=\count132
\l_fp_mul_a_v_int=\count133
\l_fp_mul_a_vi_int=\count134
\l_fp_mul_b_i_int=\count135
\l_fp_mul_b_ii_int=\count136
\l_fp_mul_b_iii_int=\count137
\l_fp_mul_b_iv_int=\count138
\l_fp_mul_b_v_int=\count139
\l_fp_mul_b_vi_int=\count140
\l_fp_mul_output_int=\count141
\l_fp_output_sign_int=\count142
\l_fp_output_integer_int=\count143
\l_fp_output_decimal_int=\count144
\l_fp_output_exponent_int=\count145
\l_fp_output_extended_int=\count146
\l_fp_round_position_int=\count147
\l_fp_round_target_int=\count148
\l_fp_split_sign_int=\count149
\l_fp_internal_int=\count150
\l_fp_trig_octant_int=\count151
\l_fp_trig_sign_int=\count152
\l_fp_trig_decimal_int=\count153
\l_fp_trig_extended_int=\count154
\l_fp_internal_dim=\dimen108
\l_fp_internal_skip=\skip48
)
(F:\CTEX\MiKTeX\tex\latex\l3kernel\l3box.sty
Package: l3box 2012/02/18 v3432 L3 Experimental boxes
\l_tmpb_box=\box26
\l_box_top_dim=\dimen109
\l_box_bottom_dim=\dimen110
\l_box_left_dim=\dimen111
\l_box_right_dim=\dimen112
\l_box_top_new_dim=\dimen113
\l_box_bottom_new_dim=\dimen114
\l_box_left_new_dim=\dimen115
\l_box_right_new_dim=\dimen116
\l_box_internal_box=\box27
)
(F:\CTEX\MiKTeX\tex\latex\l3kernel\l3coffins.sty
Package: l3coffins 2012/02/26 v3460 L3 Experimental coffin code layer
\l_coffin_internal_box=\box28
\l_coffin_internal_dim=\dimen117
\l_coffin_offset_x_dim=\dimen118
\l_coffin_offset_y_dim=\dimen119
\l_coffin_x_dim=\dimen120
\l_coffin_y_dim=\dimen121
\l_coffin_x_prime_dim=\dimen122
\l_coffin_y_prime_dim=\dimen123
\l_coffin_Depth_dim=\dimen124
\l_coffin_Height_dim=\dimen125
\l_coffin_TotalHeight_dim=\dimen126
\l_coffin_Width_dim=\dimen127
\c_empty_coffin=\box29
\l_coffin_aligned_coffin=\box30
\l_coffin_aligned_internal_coffin=\box31
\l_coffin_bounding_shift_dim=\dimen128
\l_coffin_left_corner_dim=\dimen129
\l_coffin_right_corner_dim=\dimen130
\l_coffin_bottom_corner_dim=\dimen131
\l_coffin_top_corner_dim=\dimen132
\l_coffin_scaled_total_height_dim=\dimen133
\l_coffin_scaled_width_dim=\dimen134
\l_coffin_display_coffin=\box32
\l_coffin_display_coord_coffin=\box33
\l_coffin_display_pole_coffin=\box34
\l_coffin_display_offset_dim=\dimen135
\l_coffin_display_x_dim=\dimen136
\l_coffin_display_y_dim=\dimen137
)
(F:\CTEX\MiKTeX\tex\latex\l3kernel\l3color.sty
Package: l3color 2011/09/07 v2776 L3 Experimental colour support
)
(F:\CTEX\MiKTeX\tex\latex\l3kernel\l3luatex.sty
Package: l3luatex 2012/02/09 v3355 L3 Experimental LuaTeX-specific functions
\g_cctab_allocate_int=\count155
\g_cctab_stack_int=\count156
))
(F:\CTEX\MiKTeX\tex\latex\etoolbox\etoolbox.sty
Package: etoolbox 2011/01/03 v2.1 e-TeX tools for LaTeX
\etb@tempcnta=\count157
)
(F:\CTEX\MiKTeX\tex\generic\oberdiek\ifpdf.sty
Package: ifpdf 2011/01/30 v2.3 Provides the ifpdf switch (HO)
Package ifpdf Info: pdfTeX in PDF mode is not detected.
)
(F:\CTEX\MiKTeX\tex\generic\ifxetex\ifxetex.sty
Package: ifxetex 2010/09/12 v0.6 Provides ifxetex conditional
)
(F:\CTEX\MiKTeX\tex\latex\graphics\keyval.sty
Package: keyval 1999/03/16 v1.13 key=value parser (DPC)
\KV@toks@=\toks14
)
(F:\CTEX\MiKTeX\tex\latex\tools\indentfirst.sty
Package: indentfirst 1995/11/23 v1.03 Indent first paragraph (DPC)
)
(F:\CTEX\MiKTeX\tex\latex\base\fix-cm.sty
Package: fix-cm 2006/09/13 v1.1m fixes to LaTeX

(F:\CTEX\MiKTeX\tex\latex\base\ts1enc.def
File: ts1enc.def 2001/06/05 v3.0e (jk/car/fm) Standard LaTeX file
))
(F:\CTEX\MiKTeX\tex\latex\ctex\engine\ctex-xecjk-engine.def
(F:\CTEX\MiKTeX\tex\latex\savesym\savesym.sty

LaTeX Warning: You have requested package `savesym',
               but the package provides `savesymbol'.

Package: savesymbol 2003/06/01 v1.1 Saves and restores symbols
) (F:\CTEX\MiKTeX\tex\xelatex\xecjk\xeCJK.sty
Package: xeCJK 2012/01/31 2.4.5 package for typesetting CJK scripts with XeLaTe
X

(F:\CTEX\MiKTeX\tex\latex\xkeyval\xkeyval.sty
Package: xkeyval 2008/08/13 v2.6a package option processing (HA)

(F:\CTEX\MiKTeX\tex\generic\xkeyval\xkeyval.tex
\XKV@toks=\toks15
\XKV@tempa@toks=\toks16
\XKV@depth=\count158
File: xkeyval.tex 2008/08/13 v2.6a key=value parser (HA)
))
(F:\CTEX\MiKTeX\tex\latex\fontspec\fontspec.sty
Package: fontspec 2011/09/18 v2.2a Advanced font selection for XeLaTeX/LuaLaTeX


(F:\CTEX\MiKTeX\tex\latex\l3packages\xparse\xparse.sty
Package: xparse 2012/02/26 v3471 L3 Experimental document command parser
\l_xparse_current_arg_int=\count159
\l_xparse_m_args_int=\count160
\l_xparse_mandatory_args_int=\count161
\l_xparse_processor_int=\count162
\l_xparse_v_nesting_int=\count163
)
\l_fontspec_script_int=\count164
\l_fontspec_language_int=\count165
\l_fontspec_strnum_int=\count166
\l_fontspec_tmpa_dim=\dimen138
\l_fontspec_tmpb_dim=\dimen139
\l_fontspec_tmpc_dim=\dimen140
Variant \tl_gset:cV already defined; not changing it on line 66

(F:\CTEX\MiKTeX\tex\latex\fontspec\fontspec-patches.sty
Package: fontspec-patches 2011/09/18 v2.2a Advanced font selection for XeLaTeX/
LuaLaTeX

(F:\CTEX\MiKTeX\tex\latex\base\fixltx2e.sty
Package: fixltx2e 2006/09/13 v1.1m fixes to LaTeX
LaTeX Info: Redefining \em on input line 420.
)
LaTeX Info: Redefining \em on input line 22.
LaTeX Info: Redefining \emph on input line 29.
LaTeX Info: Redefining \- on input line 32.

*************************************************
* LaTeX warning: "xparse/redefine-command"
* 
* Redefining document command \oldstylenums with arg. spec. 'm' on line 107.
*************************************************
.................................................
. LaTeX info: "xparse/define-command"
. 
. Defining document command \liningnums with arg. spec. 'm' on line 111.
.................................................
) (F:\CTEX\MiKTeX\tex\latex\fontspec\fontspec-xetex.sty
Package: fontspec-xetex 2011/09/18 v2.2a Advanced font selection for XeLaTeX/Lu
aLaTeX

(F:\CTEX\MiKTeX\tex\latex\base\fontenc.sty
Package: fontenc 2005/09/27 v1.99g Standard LaTeX package

(F:\CTEX\MiKTeX\tex\latex\euenc\eu1enc.def
File: eu1enc.def 2010/05/27 v0.1h Experimental Unicode font encodings
)
LaTeX Font Info:    Try loading font information for EU1+lmr on input line 100.


(F:\CTEX\MiKTeX\tex\latex\euenc\eu1lmr.fd
File: eu1lmr.fd 2009/10/30 v1.6 Font defs for Latin Modern
)
Requested font "[lmroman10-regular]:mapping=tex-text" at 10.0pt
 -> F:/CTEX/MiKTeX/fonts/opentype/public/lm/lmroman10-regular.otf
)
(F:\CTEX\MiKTeX\tex\xelatex\xunicode\xunicode.sty
File: xunicode.sty 2011/09/09 v0.981 provides access to latin accents and many 
other characters in Unicode lower plane

(F:\CTEX\MiKTeX\tex\latex\tipa\t3enc.def
File: t3enc.def 2001/12/31 T3 encoding
Requested font "[lmromanslant10-regular]:mapping=tex-text" at 10.0pt
 -> F:/CTEX/MiKTeX/fonts/opentype/public/lm/lmromanslant10-regular.otf
Requested font "[lmroman10-italic]:mapping=tex-text" at 10.0pt
 -> F:/CTEX/MiKTeX/fonts/opentype/public/lm/lmroman10-italic.otf
Requested font "[lmroman10-bold]:mapping=tex-text" at 10.0pt
 -> F:/CTEX/MiKTeX/fonts/opentype/public/lm/lmroman10-bold.otf
LaTeX Font Info:    Try loading font information for EU1+lmss on input line 357
.

(F:\CTEX\MiKTeX\tex\latex\euenc\eu1lmss.fd
File: eu1lmss.fd 2009/10/30 v1.6 Font defs for Latin Modern
)
Requested font "[lmsans10-regular]:mapping=tex-text" at 10.0pt
 -> F:/CTEX/MiKTeX/fonts/opentype/public/lm/lmsans10-regular.otf
)
\tipaTiiicode=\count167
\tipasavetokens=\toks17
\tipachecktokens=\toks18

(F:\CTEX\MiKTeX\tex\latex\graphics\graphicx.sty
Package: graphicx 1999/02/16 v1.0f Enhanced LaTeX Graphics (DPC,SPQR)
\Gin@req@height=\dimen141
\Gin@req@width=\dimen142
))
.................................................
. LaTeX info: "xparse/define-command"
. 
. Defining document command \fontspec with arg. spec. 'O{}m' on line 39.
.................................................
.................................................
. LaTeX info: "xparse/define-command"
. 
. Defining document command \setmainfont with arg. spec. 'O{}m' on line 43.
.................................................
.................................................
. LaTeX info: "xparse/define-command"
. 
. Defining document command \setsansfont with arg. spec. 'O{}m' on line 47.
.................................................
.................................................
. LaTeX info: "xparse/define-command"
. 
. Defining document command \setmonofont with arg. spec. 'O{}m' on line 51.
.................................................
.................................................
. LaTeX info: "xparse/define-command"
. 
. Defining document command \setmathrm with arg. spec. 'O{}m' on line 59.
.................................................
.................................................
. LaTeX info: "xparse/define-command"
. 
. Defining document command \setboldmathrm with arg. spec. 'O{}m' on line 62.
.................................................
.................................................
. LaTeX info: "xparse/define-command"
. 
. Defining document command \setmathsf with arg. spec. 'O{}m' on line 65.
.................................................
.................................................
. LaTeX info: "xparse/define-command"
. 
. Defining document command \setmathtt with arg. spec. 'O{}m' on line 68.
.................................................
.................................................
. LaTeX info: "xparse/define-command"
. 
. Defining document command \newfontfamily with arg. spec. 'mO{}m' on line 84.
.................................................
.................................................
. LaTeX info: "xparse/define-command"
. 
. Defining document command \newfontface with arg. spec. 'mO{}m' on line 87.
.................................................
.................................................
. LaTeX info: "xparse/define-command"
. 
. Defining document command \defaultfontfeatures with arg. spec. 'm' on line
. 91.
.................................................
.................................................
. LaTeX info: "xparse/define-command"
. 
. Defining document command \addfontfeatures with arg. spec. 'm' on line 107.
.................................................
.................................................
. LaTeX info: "xparse/define-command"
. 
. Defining document command \newfontfeature with arg. spec. 'mm' on line 118.
.................................................
.................................................
. LaTeX info: "xparse/define-command"
. 
. Defining document command \newAATfeature with arg. spec. 'mmmm' on line 125.
.................................................
.................................................
. LaTeX info: "xparse/define-command"
. 
. Defining document command \newICUfeature with arg. spec. 'mmm' on line 132.
.................................................
.................................................
. LaTeX info: "xparse/define-command"
. 
. Defining document command \aliasfontfeature with arg. spec. 'mm' on line
. 159.
.................................................
.................................................
. LaTeX info: "xparse/define-command"
. 
. Defining document command \aliasfontfeatureoption with arg. spec. 'mmm' on
. line 164.
.................................................
.................................................
. LaTeX info: "xparse/define-command"
. 
. Defining document command \newfontscript with arg. spec. 'mm' on line 169.
.................................................
.................................................
. LaTeX info: "xparse/define-command"
. 
. Defining document command \newfontlanguage with arg. spec. 'mm' on line 192.
.................................................
.................................................
. LaTeX info: "xparse/define-command"
. 
. Defining document command \DeclareFontsExtensions with arg. spec. 'm' on
. line 211.
.................................................
Variant \prop_gput:cnV already defined; not changing it on line 485
Variant \prop_gput:cnx already defined; not changing it on line 486
Variant \keys_set:nx already defined; not changing it on line 963
\c@fontspec_tmp_int=\count168
LaTeX Info: Redefining \itshape on input line 1881.
LaTeX Info: Redefining \slshape on input line 1885.
LaTeX Info: Redefining \scshape on input line 1889.
LaTeX Info: Redefining \upshape on input line 1893.

(F:\CTEX\MiKTeX\tex\latex\fontspec\fontspec.cfg)))
\xeCJK@cnta=\count169
\xeCJK@cntb=\count170
\xeCJK@cntc=\count171
\xeCJK@cntd=\count172
\xeCJK@cnte=\count173
\xeCJK@dima=\dimen143
LaTeX Info: Redefining \normalfont on input line 886.
LaTeX Info: Redefining \rmfamily on input line 895.
LaTeX Info: Redefining \sffamily on input line 899.
LaTeX Info: Redefining \ttfamily on input line 903.
\xeCJK@featureadded=\count174
\g_xecjk_exspace_dim=\dimen144
)
(F:\CTEX\MiKTeX\tex\latex\ctex\engine\ctex-cjk-common.def
\ccwd=\dimen145
)
(F:\CTEX\MiKTeX\tex\latex\ctex\fontset\ctex-xecjk-winfonts.def))
\CTEX@q=\count175
\CTEX@r=\count176
))
(F:\CTEX\MiKTeX\tex\latex\ctex\def\ctex-utf8.def)
(F:\CTEX\MiKTeX\tex\latex\ctex\cfg\ctex.cfg)
(F:\CTEX\MiKTeX\tex\latex\xltxtra\xltxtra.sty
Package: xltxtra 2010/09/20 v0.5e Improvements for the "XeLaTeX" format

(F:\CTEX\MiKTeX\tex\generic\oberdiek\ifluatex.sty
Package: ifluatex 2010/03/01 v1.3 Provides the ifluatex switch (HO)
Package ifluatex Info: LuaTeX not detected.
)
(F:\CTEX\MiKTeX\tex\latex\realscripts\realscripts.sty
Package: realscripts 2010/09/30 v0.3 Access OpenType subscripts and superscript
s
.................................................
. LaTeX info: "xparse/define-command"
. 
. Defining document command \fakesubscript with arg. spec. 'm' on line 19.
.................................................
.................................................
. LaTeX info: "xparse/define-command"
. 
. Defining document command \fakesuperscript with arg. spec. 'm' on line 22.
.................................................

*************************************************
* LaTeX warning: "xparse/redefine-command"
* 
* Redefining document command \textsubscript with arg. spec. 's' on line 25.
*************************************************
*************************************************
* LaTeX warning: "xparse/redefine-command"
* 
* Redefining document command \textsuperscript with arg. spec. 's' on line 28.
*************************************************
.................................................
. LaTeX info: "xparse/define-command"
. 
. Defining document command \realsubscript with arg. spec. 'm' on line 45.
.................................................
.................................................
. LaTeX info: "xparse/define-command"
. 
. Defining document command \realsuperscript with arg. spec. 'm' on line 60.
.................................................
.................................................
. LaTeX info: "xparse/define-command"
. 
. Defining document command \textsubsuperscript with arg. spec. 'sO{l}mm' on
. line 137.
.................................................
.................................................
. LaTeX info: "xparse/define-command"
. 
. Defining document command \textsupersubscript with arg. spec. 'sO{l}mm' on
. line 140.
.................................................
\subsupersep=\dimen146
) (F:\CTEX\MiKTeX\tex\latex\metalogo\metalogo.sty
Package: metalogo 2010/05/29 v0.12 Extended TeX logo macros
\xl@everylogo=\toks19
\xl@@everylogo=\toks20
LaTeX Info: Redefining \TeX on input line 193.
LaTeX Info: Redefining \LaTeX on input line 202.
LaTeX Info: Redefining \LaTeXe on input line 219.
)
\xxt@tempbox=\box35
)
(F:\CTEX\MiKTeX\tex\latex\listings\listings.sty
\lst@mode=\count177
\lst@gtempboxa=\box36
\lst@token=\toks21
\lst@length=\count178
\lst@currlwidth=\dimen147
\lst@column=\count179
\lst@pos=\count180
\lst@lostspace=\dimen148
\lst@width=\dimen149
\lst@newlines=\count181
\lst@lineno=\count182
\lst@maxwidth=\dimen150

(F:\CTEX\MiKTeX\tex\latex\listings\lstmisc.sty
File: lstmisc.sty 2007/02/22 1.4 (Carsten Heinz)
\c@lstnumber=\count183
\lst@skipnumbers=\count184
\lst@framebox=\box37
)
(F:\CTEX\MiKTeX\tex\latex\listings\listings.cfg
File: listings.cfg 2007/02/22 1.4 listings configuration
))
Package: listings 2007/02/22 1.4 (Carsten Heinz)

(F:\CTEX\MiKTeX\tex\latex\xcolor\xcolor.sty
Package: xcolor 2007/01/21 v2.11 LaTeX color extensions (UK)

(F:\CTEX\MiKTeX\tex\latex\00miktex\color.cfg
File: color.cfg 2007/01/18 v1.5 color configuration of teTeX/TeXLive
)
Package xcolor Info: Driver file: xetex.def on input line 225.
LaTeX Info: Redefining \color on input line 702.
Package xcolor Info: Model `cmy' substituted by `cmy0' on input line 1337.
Package xcolor Info: Model `RGB' extended on input line 1353.
Package xcolor Info: Model `HTML' substituted by `rgb' on input line 1355.
Package xcolor Info: Model `Hsb' substituted by `hsb' on input line 1356.
Package xcolor Info: Model `tHsb' substituted by `hsb' on input line 1357.
Package xcolor Info: Model `HSB' substituted by `hsb' on input line 1358.
Package xcolor Info: Model `Gray' substituted by `gray' on input line 1359.
Package xcolor Info: Model `wave' substituted by `hsb' on input line 1360.
)
Invalid UTF-8 byte or sequence at line 12 replaced by U+FFFD.
Invalid UTF-8 byte or sequence at line 12 replaced by U+FFFD.
Invalid UTF-8 byte or sequence at line 12 replaced by U+FFFD.
Invalid UTF-8 byte or sequence at line 14 replaced by U+FFFD.
Invalid UTF-8 byte or sequence at line 14 replaced by U+FFFD.
Invalid UTF-8 byte or sequence at line 14 replaced by U+FFFD.
Invalid UTF-8 byte or sequence at line 14 replaced by U+FFFD.
Invalid UTF-8 byte or sequence at line 14 replaced by U+FFFD.
Invalid UTF-8 byte or sequence at line 14 replaced by U+FFFD.
Invalid UTF-8 byte or sequence at line 14 replaced by U+FFFD.
Invalid UTF-8 byte or sequence at line 14 replaced by U+FFFD.
Invalid UTF-8 byte or sequence at line 14 replaced by U+FFFD.
Invalid UTF-8 byte or sequence at line 14 replaced by U+FFFD.
Invalid UTF-8 byte or sequence at line 20 replaced by U+FFFD.
Invalid UTF-8 byte or sequence at line 20 replaced by U+FFFD.
Invalid UTF-8 byte or sequence at line 20 replaced by U+FFFD.
Invalid UTF-8 byte or sequence at line 20 replaced by U+FFFD.
Invalid UTF-8 byte or sequence at line 20 replaced by U+FFFD.
Invalid UTF-8 byte or sequence at line 20 replaced by U+FFFD.
Invalid UTF-8 byte or sequence at line 20 replaced by U+FFFD.
Invalid UTF-8 byte or sequence at line 20 replaced by U+FFFD.
Invalid UTF-8 byte or sequence at line 20 replaced by U+FFFD.
Invalid UTF-8 byte or sequence at line 21 replaced by U+FFFD.
Invalid UTF-8 byte or sequence at line 21 replaced by U+FFFD.
Invalid UTF-8 byte or sequence at line 21 replaced by U+FFFD.
Invalid UTF-8 byte or sequence at line 22 replaced by U+FFFD.
Invalid UTF-8 byte or sequence at line 22 replaced by U+FFFD.
Invalid UTF-8 byte or sequence at line 22 replaced by U+FFFD.
Invalid UTF-8 byte or sequence at line 23 replaced by U+FFFD.
Invalid UTF-8 byte or sequence at line 23 replaced by U+FFFD.
Invalid UTF-8 byte or sequence at line 23 replaced by U+FFFD.
Invalid UTF-8 byte or sequence at line 23 replaced by U+FFFD.
Invalid UTF-8 byte or sequence at line 23 replaced by U+FFFD.
Invalid UTF-8 byte or sequence at line 23 replaced by U+FFFD.
Invalid UTF-8 byte or sequence at line 24 replaced by U+FFFD.
Invalid UTF-8 byte or sequence at line 24 replaced by U+FFFD.
Invalid UTF-8 byte or sequence at line 24 replaced by U+FFFD.
Invalid UTF-8 byte or sequence at line 25 replaced by U+FFFD.
Invalid UTF-8 byte or sequence at line 25 replaced by U+FFFD.
Invalid UTF-8 byte or sequence at line 25 replaced by U+FFFD.
Invalid UTF-8 byte or sequence at line 25 replaced by U+FFFD.
Invalid UTF-8 byte or sequence at line 25 replaced by U+FFFD.
Invalid UTF-8 byte or sequence at line 25 replaced by U+FFFD.
Invalid UTF-8 byte or sequence at line 25 replaced by U+FFFD.
Invalid UTF-8 byte or sequence at line 25 replaced by U+FFFD.
Invalid UTF-8 byte or sequence at line 26 replaced by U+FFFD.
Invalid UTF-8 byte or sequence at line 26 replaced by U+FFFD.
Invalid UTF-8 byte or sequence at line 26 replaced by U+FFFD.
Invalid UTF-8 byte or sequence at line 26 replaced by U+FFFD.
Invalid UTF-8 byte or sequence at line 26 replaced by U+FFFD.
Invalid UTF-8 byte or sequence at line 26 replaced by U+FFFD.
Invalid UTF-8 byte or sequence at line 26 replaced by U+FFFD.
Invalid UTF-8 byte or sequence at line 27 replaced by U+FFFD.
Invalid UTF-8 byte or sequence at line 27 replaced by U+FFFD.
Invalid UTF-8 byte or sequence at line 27 replaced by U+FFFD.
Invalid UTF-8 byte or sequence at line 27 replaced by U+FFFD.
Invalid UTF-8 byte or sequence at line 27 replaced by U+FFFD.
Invalid UTF-8 byte or sequence at line 27 replaced by U+FFFD.
Invalid UTF-8 byte or sequence at line 28 replaced by U+FFFD.
Invalid UTF-8 byte or sequence at line 28 replaced by U+FFFD.
Invalid UTF-8 byte or sequence at line 28 replaced by U+FFFD.
Invalid UTF-8 byte or sequence at line 28 replaced by U+FFFD.
Invalid UTF-8 byte or sequence at line 28 replaced by U+FFFD.
Invalid UTF-8 byte or sequence at line 28 replaced by U+FFFD.
Invalid UTF-8 byte or sequence at line 28 replaced by U+FFFD.
Invalid UTF-8 byte or sequence at line 28 replaced by U+FFFD.

(F:\CTEX\MiKTeX\tex\latex\listings\lstlang1.sty
File: lstlang1.sty 2004/09/05 1.3 listings language file
)
(F:\CTEX\MiKTeX\tex\latex\listings\lstlang1.sty
File: lstlang1.sty 2004/09/05 1.3 listings language file
)
(F:\CTEX\MiKTeX\tex\latex\listings\lstmisc.sty
File: lstmisc.sty 2007/02/22 1.4 (Carsten Heinz)
)
Invalid UTF-8 byte or sequence at line 30 replaced by U+FFFD.
Invalid UTF-8 byte or sequence at line 30 replaced by U+FFFD.
Invalid UTF-8 byte or sequence at line 30 replaced by U+FFFD.
Invalid UTF-8 byte or sequence at line 31 replaced by U+FFFD.
Invalid UTF-8 byte or sequence at line 31 replaced by U+FFFD.
Invalid UTF-8 byte or sequence at line 31 replaced by U+FFFD.

(F:\CTEX\MiKTeX\tex\latex\ams\math\amsmath.sty
Package: amsmath 2000/07/18 v2.13 AMS math features
\@mathmargin=\skip49

For additional information on amsmath, use the `?' option.
(F:\CTEX\MiKTeX\tex\latex\ams\math\amstext.sty
Package: amstext 2000/06/29 v2.01

(F:\CTEX\MiKTeX\tex\latex\ams\math\amsgen.sty
File: amsgen.sty 1999/11/30 v2.0
\@emptytoks=\toks22
\ex@=\dimen151
))
(F:\CTEX\MiKTeX\tex\latex\ams\math\amsbsy.sty
Package: amsbsy 1999/11/29 v1.2d
\pmbraise@=\dimen152
)
(F:\CTEX\MiKTeX\tex\latex\ams\math\amsopn.sty
Package: amsopn 1999/12/14 v2.01 operator names
)
\inf@bad=\count185
LaTeX Info: Redefining \frac on input line 211.
\uproot@=\count186
\leftroot@=\count187
LaTeX Info: Redefining \overline on input line 307.
\classnum@=\count188
\DOTSCASE@=\count189
LaTeX Info: Redefining \ldots on input line 379.
LaTeX Info: Redefining \dots on input line 382.
LaTeX Info: Redefining \cdots on input line 467.
\Mathstrutbox@=\box38
\strutbox@=\box39
\big@size=\dimen153
LaTeX Font Info:    Redeclaring font encoding OML on input line 567.
LaTeX Font Info:    Redeclaring font encoding OMS on input line 568.
\macc@depth=\count190
\c@MaxMatrixCols=\count191
\dotsspace@=\muskip10
\c@parentequation=\count192
\dspbrk@lvl=\count193
\tag@help=\toks23
\row@=\count194
\column@=\count195
\maxfields@=\count196
\andhelp@=\toks24
\eqnshift@=\dimen154
\alignsep@=\dimen155
\tagshift@=\dimen156
\tagwidth@=\dimen157
\totwidth@=\dimen158
\lineht@=\dimen159
\@envbody=\toks25
\multlinegap=\skip50
\multlinetaggap=\skip51
\mathdisplay@stack=\toks26
LaTeX Info: Redefining \[ on input line 2666.
LaTeX Info: Redefining \] on input line 2667.
)
(F:\CTEX\MiKTeX\tex\latex\caption\caption.sty
Package: caption 2011/11/10 v3.2e Customizing captions (AR)

(F:\CTEX\MiKTeX\tex\latex\caption\caption3.sty
Package: caption3 2011/11/01 v1.4a caption3 kernel (AR)
\captionmargin=\dimen160
\captionmargin@=\dimen161
\captionwidth=\dimen162
\caption@indent=\dimen163
\caption@parindent=\dimen164
\caption@hangindent=\dimen165
)
\c@ContinuedFloat=\count197
Package caption Info: listings package is loaded.
)
(F:\CTEX\MiKTeX\tex\latex\titlesec\titlesec.sty
Package: titlesec 2011/12/15 v2.10.0 Sectioning titles
\ttl@box=\box40
\beforetitleunit=\skip52
\aftertitleunit=\skip53
\ttl@plus=\dimen166
\ttl@minus=\dimen167
\ttl@toksa=\toks27
\titlewidth=\dimen168
\titlewidthlast=\dimen169
\titlewidthfirst=\dimen170
)
(F:\CTEX\MiKTeX\tex\latex\hyperref\hyperref.sty
Package: hyperref 2012/02/06 v6.82o Hypertext links for LaTeX

(F:\CTEX\MiKTeX\tex\generic\oberdiek\hobsub-hyperref.sty
Package: hobsub-hyperref 2011/04/23 v1.4 Bundle oberdiek, subset hyperref (HO)

(F:\CTEX\MiKTeX\tex\generic\oberdiek\hobsub-generic.sty
Package: hobsub-generic 2011/04/23 v1.4 Bundle oberdiek, subset generic (HO)
Package: hobsub 2011/04/23 v1.4 Subsetting bundle oberdiek (HO)
Package: infwarerr 2010/04/08 v1.3 Providing info/warning/message (HO)
Package: ltxcmds 2011/04/18 v1.20 LaTeX kernel commands for general use (HO)
Package hobsub Info: Skipping package `ifluatex' (already loaded).
Package: ifvtex 2010/03/01 v1.5 Switches for detecting VTeX and its modes (HO)
Package ifvtex Info: VTeX not detected.
Package: intcalc 2007/09/27 v1.1 Expandable integer calculations (HO)
Package hobsub Info: Skipping package `ifpdf' (already loaded).
Package: etexcmds 2011/02/16 v1.5 Prefix for e-TeX command names (HO)
Package etexcmds Info: Could not find \expanded.
(etexcmds)             That can mean that you are not using pdfTeX 1.50 or
(etexcmds)             that some package has redefined \expanded.
(etexcmds)             In the latter case, load this package earlier.
Package: kvsetkeys 2011/04/07 v1.13 Key value parser (HO)
Package: kvdefinekeys 2011/04/07 v1.3 Defining keys (HO)
Package: pdftexcmds 2011/04/22 v0.16 Utilities of pdfTeX for LuaTeX (HO)
Package pdftexcmds Info: LuaTeX not detected.
Package pdftexcmds Info: pdfTeX >= 1.30 not detected.
Package pdftexcmds Info: \pdf@primitive is available.
Package pdftexcmds Info: \pdf@ifprimitive is available.
Package pdftexcmds Info: \pdfdraftmode not found.
Package: pdfescape 2011/04/04 v1.12 Provides string conversions (HO)
Package: bigintcalc 2011/01/30 v1.2 Expandable big integer calculations (HO)
Package: bitset 2011/01/30 v1.1 Data type bit set (HO)
Package: uniquecounter 2011/01/30 v1.2 Provides unlimited unique counter (HO)
)
Package hobsub Info: Skipping package `hobsub' (already loaded).
Package: letltxmacro 2010/09/02 v1.4 Let assignment for LaTeX macros (HO)
Package: hopatch 2011/01/30 v1.0 Wrapper for package hooks (HO)
Package: xcolor-patch 2011/01/30 xcolor patch
Package: atveryend 2011/04/23 v1.7 Hooks at very end of document (HO)
Package: atbegshi 2011/01/30 v1.15 At begin shipout hook (HO)
Package: refcount 2010/12/01 v3.2 Data extraction from references (HO)
Package: hycolor 2011/01/30 v1.7 Color options of hyperref/bookmark (HO)
)
(F:\CTEX\MiKTeX\tex\latex\oberdiek\kvoptions.sty
Package: kvoptions 2010/12/23 v3.10 Keyval support for LaTeX options (HO)
)
\@linkdim=\dimen171
\Hy@linkcounter=\count198
\Hy@pagecounter=\count199

(F:\CTEX\MiKTeX\tex\latex\hyperref\pd1enc.def
File: pd1enc.def 2012/02/06 v6.82o Hyperref: PDFDocEncoding definition (HO)
)
\Hy@SavedSpaceFactor=\count200

(F:\CTEX\MiKTeX\tex\latex\00miktex\hyperref.cfg
File: hyperref.cfg 2002/06/06 v1.2 hyperref configuration of TeXLive
)
Package hyperref Info: Option `colorlinks' set `true' on input line 3925.
Package hyperref Info: Hyper figures OFF on input line 4046.
Package hyperref Info: Link nesting OFF on input line 4051.
Package hyperref Info: Hyper index ON on input line 4054.
Package hyperref Info: Plain pages OFF on input line 4061.
Package hyperref Info: Backreferencing OFF on input line 4066.
Package hyperref Info: Implicit mode ON; LaTeX internals redefined.
Package hyperref Info: Bookmarks ON on input line 4284.
\c@Hy@tempcnt=\count201

(F:\CTEX\MiKTeX\tex\xelatex\xetexurl\url.sty
\Urlmuskip=\muskip11
Package: url 2004/03/15  ver 3.1  Verb mode for urls, etc.
)
LaTeX Info: Redefining \url on input line 4637.
Normal \count register pool exhausted, switching to extended pool.
\Fld@menulength=\count277
\Field@Width=\dimen172
\Fld@charsize=\dimen173
Package hyperref Info: Hyper figures OFF on input line 5757.
Package hyperref Info: Link nesting OFF on input line 5762.
Package hyperref Info: Hyper index ON on input line 5765.
Package hyperref Info: backreferencing OFF on input line 5772.
Package hyperref Info: Link coloring ON on input line 5775.
Package hyperref Info: Link coloring with OCG OFF on input line 5782.
Package hyperref Info: PDF/A mode OFF on input line 5787.
LaTeX Info: Redefining \ref on input line 5827.
LaTeX Info: Redefining \pageref on input line 5831.
\Hy@abspage=\count278
\c@Item=\count279
\c@Hfootnote=\count280
)

Package hyperref Message: Driver (autodetected): hxetex.

(F:\CTEX\MiKTeX\tex\latex\hyperref\hxetex.def
File: hxetex.def 2012/02/06 v6.82o Hyperref driver for XeTeX

(F:\CTEX\MiKTeX\tex\latex\hyperref\puenc.def
File: puenc.def 2012/02/06 v6.82o Hyperref: PDF Unicode definition (HO)
)
(F:\CTEX\MiKTeX\tex\generic\oberdiek\stringenc.sty
Package: stringenc 2010/03/01 v1.8 Converts strings between encodings (HO)
)
\pdfm@box=\box41
\c@Hy@AnnotLevel=\count281
\HyField@AnnotCount=\count282
\Fld@listcount=\count283
\c@bookmark@seq@number=\count284

(F:\CTEX\MiKTeX\tex\latex\oberdiek\rerunfilecheck.sty
Package: rerunfilecheck 2011/04/15 v1.7 Rerun checks for auxiliary files (HO)
Package rerunfilecheck Info: Feature \pdfmdfivesum is not available
(rerunfilecheck)             (e.g. pdfTeX or LuaTeX with package `pdftexcmds').

(rerunfilecheck)             Therefore file contents cannot be checked efficien
tly
(rerunfilecheck)             and the loading of the package is aborted.
)
\Hy@SectionHShift=\skip54
)
(F:\CTEX\MiKTeX\tex\latex\geometry\geometry.sty
Package: geometry 2010/09/12 v5.6 Page Geometry
\Gm@cnth=\count285
\Gm@cntv=\count286
\c@Gm@tempcnt=\count287
\Gm@bindingoffset=\dimen174
\Gm@wd@mp=\dimen175
\Gm@odd@mp=\dimen176
\Gm@even@mp=\dimen177
\Gm@layoutwidth=\dimen178
\Gm@layoutheight=\dimen179
\Gm@layouthoffset=\dimen180
\Gm@layoutvoffset=\dimen181
\Gm@dimlist=\toks28

(F:\CTEX\MiKTeX\tex\xelatex\xetexconfig\geometry.cfg))

LaTeX Warning: Unused global option(s):
    [7pt].

("E:\Senior Programming Practice\HTMLParser\Frame\Frame.aux")
LaTeX Font Info:    Checking defaults for OML/cmm/m/it on input line 43.
LaTeX Font Info:    ... okay on input line 43.
LaTeX Font Info:    Checking defaults for T1/cmr/m/n on input line 43.
LaTeX Font Info:    ... okay on input line 43.
LaTeX Font Info:    Checking defaults for OT1/cmr/m/n on input line 43.
LaTeX Font Info:    ... okay on input line 43.
LaTeX Font Info:    Checking defaults for OMS/cmsy/m/n on input line 43.
LaTeX Font Info:    ... okay on input line 43.
LaTeX Font Info:    Checking defaults for OMX/cmex/m/n on input line 43.
LaTeX Font Info:    ... okay on input line 43.
LaTeX Font Info:    Checking defaults for U/cmr/m/n on input line 43.
LaTeX Font Info:    ... okay on input line 43.
LaTeX Font Info:    Checking defaults for TS1/cmr/m/n on input line 43.
LaTeX Font Info:    ... okay on input line 43.
LaTeX Font Info:    Checking defaults for EU1/lmr/m/n on input line 43.
LaTeX Font Info:    ... okay on input line 43.
LaTeX Font Info:    Checking defaults for T3/cmr/m/n on input line 43.
LaTeX Font Info:    Try loading font information for T3+cmr on input line 43.

(F:\CTEX\MiKTeX\tex\latex\tipa\t3cmr.fd
File: t3cmr.fd 2001/12/31 TIPA font definitions
)
LaTeX Font Info:    ... okay on input line 43.
LaTeX Font Info:    Checking defaults for PD1/pdf/m/n on input line 43.
LaTeX Font Info:    ... okay on input line 43.
LaTeX Font Info:    Checking defaults for PU/pdf/m/n on input line 43.
LaTeX Font Info:    ... okay on input line 43.
.................................................
. fontspec info: "setup-math"
. 
. Adjusting the maths setup (use [no-math] to avoid this).
.................................................
\symlegacymaths=\mathgroup4
LaTeX Font Info:    Overwriting symbol font `legacymaths' in version `bold'
(Font)                  OT1/cmr/m/n --> OT1/cmr/bx/n on input line 43.
LaTeX Font Info:    Redeclaring math accent \acute on input line 43.
LaTeX Font Info:    Redeclaring math accent \grave on input line 43.
LaTeX Font Info:    Redeclaring math accent \ddot on input line 43.
LaTeX Font Info:    Redeclaring math accent \tilde on input line 43.
LaTeX Font Info:    Redeclaring math accent \bar on input line 43.
LaTeX Font Info:    Redeclaring math accent \breve on input line 43.
LaTeX Font Info:    Redeclaring math accent \check on input line 43.
LaTeX Font Info:    Redeclaring math accent \hat on input line 43.
LaTeX Font Info:    Redeclaring math accent \dot on input line 43.
LaTeX Font Info:    Redeclaring math accent \mathring on input line 43.
LaTeX Font Info:    Redeclaring math symbol \Gamma on input line 43.
LaTeX Font Info:    Redeclaring math symbol \Delta on input line 43.
LaTeX Font Info:    Redeclaring math symbol \Theta on input line 43.
LaTeX Font Info:    Redeclaring math symbol \Lambda on input line 43.
LaTeX Font Info:    Redeclaring math symbol \Xi on input line 43.
LaTeX Font Info:    Redeclaring math symbol \Pi on input line 43.
LaTeX Font Info:    Redeclaring math symbol \Sigma on input line 43.
LaTeX Font Info:    Redeclaring math symbol \Upsilon on input line 43.
LaTeX Font Info:    Redeclaring math symbol \Phi on input line 43.
LaTeX Font Info:    Redeclaring math symbol \Psi on input line 43.
LaTeX Font Info:    Redeclaring math symbol \Omega on input line 43.
LaTeX Font Info:    Redeclaring math symbol \mathdollar on input line 43.
LaTeX Font Info:    Redeclaring symbol font `operators' on input line 43.
LaTeX Font Info:    Encoding `OT1' has changed to `EU1' for symbol font
(Font)              `operators' in the math version `normal' on input line 43.
LaTeX Font Info:    Overwriting symbol font `operators' in version `normal'
(Font)                  OT1/cmr/m/n --> EU1/lmr/m/n on input line 43.
LaTeX Font Info:    Encoding `OT1' has changed to `EU1' for symbol font
(Font)              `operators' in the math version `bold' on input line 43.
LaTeX Font Info:    Overwriting symbol font `operators' in version `bold'
(Font)                  OT1/cmr/bx/n --> EU1/lmr/m/n on input line 43.
LaTeX Font Info:    Overwriting symbol font `operators' in version `normal'
(Font)                  EU1/lmr/m/n --> EU1/lmr/m/n on input line 43.
LaTeX Font Info:    Overwriting math alphabet `\mathrm' in version `normal'
(Font)                  EU1/lmr/m/n --> EU1/lmr/m/n on input line 43.
LaTeX Font Info:    Overwriting math alphabet `\mathit' in version `normal'
(Font)                  OT1/cmr/m/it --> EU1/lmr/m/it on input line 43.
LaTeX Font Info:    Overwriting math alphabet `\mathbf' in version `normal'
(Font)                  OT1/cmr/bx/n --> EU1/lmr/bx/n on input line 43.
LaTeX Font Info:    Overwriting math alphabet `\mathsf' in version `normal'
(Font)                  OT1/cmss/m/n --> EU1/lmss/m/n on input line 43.
LaTeX Font Info:    Overwriting math alphabet `\mathtt' in version `normal'
(Font)                  OT1/cmtt/m/n --> EU1/lmtt/m/n on input line 43.
LaTeX Font Info:    Overwriting symbol font `operators' in version `bold'
(Font)                  EU1/lmr/m/n --> EU1/lmr/bx/n on input line 43.
LaTeX Font Info:    Overwriting math alphabet `\mathrm' in version `bold'
(Font)                  EU1/lmr/m/n --> EU1/lmr/bx/n on input line 43.
LaTeX Font Info:    Overwriting math alphabet `\mathit' in version `bold'
(Font)                  OT1/cmr/bx/it --> EU1/lmr/bx/it on input line 43.
LaTeX Font Info:    Overwriting math alphabet `\mathsf' in version `bold'
(Font)                  OT1/cmss/bx/n --> EU1/lmss/bx/n on input line 43.
LaTeX Font Info:    Overwriting math alphabet `\mathtt' in version `bold'
(Font)                  OT1/cmtt/m/n --> EU1/lmtt/bx/n on input line 43.
\c@lstlisting=\count288
Package caption Info: Begin \AtBeginDocument code.
Package caption Info: hyperref package is loaded.
Package caption Info: End \AtBeginDocument code.
\AtBeginShipoutBox=\box42
Package hyperref Info: Link coloring ON on input line 43.

(F:\CTEX\MiKTeX\tex\latex\hyperref\nameref.sty
Package: nameref 2010/04/30 v2.40 Cross-referencing by name of section

(F:\CTEX\MiKTeX\tex\generic\oberdiek\gettitlestring.sty
Package: gettitlestring 2010/12/03 v1.4 Cleanup title references (HO)
)
\c@section@level=\count289
)
LaTeX Info: Redefining \ref on input line 43.
LaTeX Info: Redefining \pageref on input line 43.
LaTeX Info: Redefining \nameref on input line 43.

("E:\Senior Programming Practice\HTMLParser\Frame\Frame.out")
("E:\Senior Programming Practice\HTMLParser\Frame\Frame.out")
\@outlinefile=\write3

*geometry* detected driver: pdftex
*geometry* verbose mode - [ preamble ] result:
* driver: pdftex
* paper: a4paper
* layout: <same size as paper>
* layoutoffset:(h,v)=(0.0pt,0.0pt)
* modes: 
* h-part:(L,W,R)=(72.26999pt, 452.9679pt, 72.26999pt)
* v-part:(T,H,B)=(72.26999pt, 700.50687pt, 72.26999pt)
* \paperwidth=597.50787pt
* \paperheight=845.04684pt
* \textwidth=452.9679pt
* \textheight=700.50687pt
* \oddsidemargin=0.0pt
* \evensidemargin=0.0pt
* \topmargin=-37.0pt
* \headheight=12.0pt
* \headsep=25.0pt
* \topskip=10.0pt
* \footskip=30.0pt
* \marginparwidth=57.0pt
* \marginparsep=11.0pt
* \columnsep=10.0pt
* \skip\footins=9.0pt plus 4.0pt minus 2.0pt
* \hoffset=0.0pt
* \voffset=0.0pt
* \mag=1000
* \@twocolumnfalse
* \@twosidefalse
* \@mparswitchfalse
* \@reversemarginfalse
* (1in=72.27pt=25.4mm, 1cm=28.453pt)

Requested font "[lmroman17-regular]:mapping=tex-text" at 17.28pt
 -> F:/CTEX/MiKTeX/fonts/opentype/public/lm/lmroman17-regular.otf
Requested font "[lmroman12-regular]:mapping=tex-text" at 12.0pt
 -> F:/CTEX/MiKTeX/fonts/opentype/public/lm/lmroman12-regular.otf
Requested font "[lmroman8-regular]:mapping=tex-text" at 8.0pt
 -> F:/CTEX/MiKTeX/fonts/opentype/public/lm/lmroman8-regular.otf
Requested font "[lmroman6-regular]:mapping=tex-text" at 6.0pt
 -> F:/CTEX/MiKTeX/fonts/opentype/public/lm/lmroman6-regular.otf
Requested font "cmmi12" at 12.0pt
 -> cmmi12
Requested font "cmmi8" at 8.0pt
 -> cmmi8
Requested font "cmmi6" at 6.0pt
 -> cmmi6
Requested font "cmsy10" at 12.0pt
 -> cmsy10
Requested font "cmsy8" at 8.0pt
 -> cmsy8
Requested font "cmsy6" at 6.0pt
 -> cmsy6
Requested font "cmex10" at 12.0pt
 -> cmex10
Requested font "cmex8" at 8.0pt
 -> cmex8
Requested font "cmex7" at 6.0pt
 -> cmex7
Requested font "cmr12" at 12.0pt
 -> cmr12
Requested font "cmr8" at 8.0pt
 -> cmr8
Requested font "cmr6" at 6.0pt
 -> cmr6
Requested font "SimSun" at 12.0pt
 -> F:/CTEX/CTeX/fonts/truetype/chinese/simsun.ttf
Requested font "SimSun/ICU" at 12.0pt
 -> F:/CTEX/CTeX/fonts/truetype/chinese/simsun.ttf
\g_fontspec_family_SimSun_int=\count290
Requested font "SimHei/ICU" at 12.0pt
 -> C:/Windows/Fonts/simhei.ttf
Requested font "[SIMKAI.TTF]/ICU" at 12.0pt
 -> C:/WINDOWS/Fonts/SIMKAI.TTF
Requested font "SimHei/I/ICU" at 12.0pt
 -> C:/Windows/Fonts/simhei.ttf
.................................................
. fontspec info: "no-font-shape"
. 
. Could not resolve font SimHei/I (it probably doesn't exist).
.................................................
.................................................
. fontspec info: "defining-font"
. 
. Font family 'SimSun(0)' created for font 'SimSun' with options
. [Ligatures=TeX,BoldFont={SimHei},ItalicFont={[SIMKAI.TTF]}].
. 
. This font family consists of the following shapes:
. 
. * 'normal' with NFSS spec.:
. <->"SimSun/ICU:script=latn;language=DFLT;mapping=tex-text;"
. 
. * 'bold' with NFSS spec.:
. <->"SimHei/ICU:script=latn;language=DFLT;mapping=tex-text;"
. 
. * 'italic' with NFSS spec.:
. <->"[SIMKAI.TTF]/ICU:script=latn;language=DFLT;mapping=tex-text;"
.................................................
Requested font "SimSun/ICU:script=latn;language=DFLT;mapping=tex-text;" at 12.0
pt
 -> F:/CTEX/CTeX/fonts/truetype/chinese/simsun.ttf
Requested font "[lmroman12-bold]:mapping=tex-text" at 12.0pt
 -> F:/CTEX/MiKTeX/fonts/opentype/public/lm/lmroman12-bold.otf
(F:\CTEX\MiKTeX\tex\generic\oberdiek\se-ascii-print.def
File: se-ascii-print.def 2010/03/01 v1.8 stringenc: Printable ASCII characters
)
Requested font "[lmroman7-regular]:mapping=tex-text" at 7.0pt
 -> F:/CTEX/MiKTeX/fonts/opentype/public/lm/lmroman7-regular.otf
Requested font "[lmroman5-regular]:mapping=tex-text" at 5.0pt
 -> F:/CTEX/MiKTeX/fonts/opentype/public/lm/lmroman5-regular.otf
Requested font "cmex7" at 7.0pt
 -> cmex7
Requested font "cmex7" at 5.0pt
 -> cmex7
LaTeX Font Info:    Try loading font information for EU1+lmtt on input line 69.


(F:\CTEX\MiKTeX\tex\latex\euenc\eu1lmtt.fd
File: eu1lmtt.fd 2009/10/30 v1.6 Font defs for Latin Modern
)
Requested font "[lmmono10-regular]" at 10.0pt
 -> F:/CTEX/MiKTeX/fonts/opentype/public/lm/lmmono10-regular.otf
Requested font "Courier New Bold" at 10.0pt
 -> C:/Windows/Fonts/courbd.ttf
Requested font "Courier New Bold/ICU" at 10.0pt
 -> C:/Windows/Fonts/courbd.ttf
\g_fontspec_family_Courier New Bold_int=\count291
Requested font "Courier New Bold/B/ICU" at 10.0pt
 -> C:/Windows/Fonts/courbd.ttf
.................................................
. fontspec info: "no-font-shape"
. 
. Could not resolve font Courier New Bold/B (it probably doesn't exist).
.................................................
Requested font "Courier New Bold/I/ICU" at 10.0pt
 -> C:/Windows/Fonts/courbi.ttf
Requested font "Courier New Bold/I/I/ICU" at 10.0pt
 -> C:/Windows/Fonts/courbi.ttf
Requested font "Courier New Bold/BI/ICU" at 10.0pt
 -> C:/Windows/Fonts/courbi.ttf
Requested font "Courier New Bold/BI/BI/ICU" at 10.0pt
 -> C:/Windows/Fonts/courbi.ttf
.................................................
. fontspec info: "defining-font"
. 
. Font family 'CourierNewBold(0)' created for font 'Courier New Bold' with
. options [Ligatures=TeX,].
. 
. This font family consists of the following shapes:
. 
. * 'normal' with NFSS spec.:
. <->"Courier New Bold/ICU:script=latn;language=DFLT;mapping=tex-text;"
. 
. * 'italic' with NFSS spec.:
. <->"Courier New Bold/I/ICU:script=latn;language=DFLT;mapping=tex-text;"
. 
. * 'bold italic' with NFSS spec.:
. <->"Courier New Bold/BI/ICU:script=latn;language=DFLT;mapping=tex-text;"
.................................................
Requested font "Courier New Bold/ICU:script=latn;language=DFLT;mapping=tex-text
;" at 10.0pt
 -> C:/Windows/Fonts/courbd.ttf
Requested font "Courier New Bold/ICU:script=latn;language=DFLT;mapping=tex-text
;" at 8.0pt
 -> C:/Windows/Fonts/courbd.ttf
 [1

]
.................................................
. fontspec info: "defining-font"
. 
. Font family 'CourierNewBold(0)' created for font 'Courier New Bold' with
. options [Ligatures=TeX,].
. 
. This font family consists of the following shapes:
.................................................
 [2]
.................................................
. fontspec info: "defining-font"
. 
. Font family 'CourierNewBold(0)' created for font 'Courier New Bold' with
. options [Ligatures=TeX,].
. 
. This font family consists of the following shapes:
.................................................

Overfull \hbox (3.69879pt too wide) in paragraph at lines 165--166
[]$[]$ 
 []

.................................................
. fontspec info: "defining-font"
. 
. Font family 'CourierNewBold(0)' created for font 'Courier New Bold' with
. options [Ligatures=TeX,].
. 
. This font family consists of the following shapes:
.................................................
[3]
.................................................
. fontspec info: "defining-font"
. 
. Font family 'CourierNewBold(0)' created for font 'Courier New Bold' with
. options [Ligatures=TeX,].
. 
. This font family consists of the following shapes:
.................................................
 [4] [5] [6]
.................................................
. fontspec info: "defining-font"
. 
. Font family 'CourierNewBold(0)' created for font 'Courier New Bold' with
. options [Ligatures=TeX,].
. 
. This font family consists of the following shapes:
.................................................
.................................................
. fontspec info: "defining-font"
. 
. Font family 'CourierNewBold(0)' created for font 'Courier New Bold' with
. options [Ligatures=TeX,].
. 
. This font family consists of the following shapes:
.................................................


LaTeX Font Warning: Font shape `EU1/CourierNewBold(0)/m/sl' undefined
(Font)              using `EU1/CourierNewBold(0)/m/n' instead on input line 346
.

Package atveryend Info: Empty hook `BeforeClearDocument' on input line 352.
[7]
Package atveryend Info: Empty hook `AfterLastShipout' on input line 352.
 ("E:\Senior Programming Practice\HTMLParser\Frame\Frame.aux")
Package atveryend Info: Empty hook `AtVeryEndDocument' on input line 352.
Package atveryend Info: Empty hook `AtEndAfterFileList' on input line 352.


LaTeX Font Warning: Some font shapes were not available, defaults substituted.

 ) 
Here is how much of TeX's memory you used:
 23788 strings out of 430478
 440749 string characters out of 3191503
 505042 words of memory out of 3000000
 26650 multiletter control sequences out of 15000+200000
 7688 words of font info for 51 fonts, out of 3000000 for 9000
 14 hyphenation exceptions out of 8191
 57i,7n,97p,855b,1801s stack positions out of 5000i,500n,10000p,200000b,50000s

Output written on Frame.pdf (7 pages).
